[2022-01-27 08:08:36,999] {taskinstance.py:1032} INFO - Dependencies all met for <TaskInstance: data_ingestion_gcs_dag.format_to_parquet_task manual__2022-01-27T08:00:48.869404+00:00 [queued]>
[2022-01-27 08:08:37,066] {taskinstance.py:1032} INFO - Dependencies all met for <TaskInstance: data_ingestion_gcs_dag.format_to_parquet_task manual__2022-01-27T08:00:48.869404+00:00 [queued]>
[2022-01-27 08:08:37,069] {taskinstance.py:1238} INFO - 
--------------------------------------------------------------------------------
[2022-01-27 08:08:37,083] {taskinstance.py:1239} INFO - Starting attempt 1 of 2
[2022-01-27 08:08:37,086] {taskinstance.py:1240} INFO - 
--------------------------------------------------------------------------------
[2022-01-27 08:08:37,279] {taskinstance.py:1259} INFO - Executing <Task(PythonOperator): format_to_parquet_task> on 2022-01-27 08:00:48.869404+00:00
[2022-01-27 08:08:37,344] {standard_task_runner.py:52} INFO - Started process 4085 to run task
[2022-01-27 08:08:37,372] {standard_task_runner.py:76} INFO - Running: ['***', 'tasks', 'run', 'data_ingestion_gcs_dag', 'format_to_parquet_task', 'manual__2022-01-27T08:00:48.869404+00:00', '--job-id', '8', '--raw', '--subdir', 'DAGS_FOLDER/data_ingestion_gcs_dag.py', '--cfg-path', '/tmp/tmp8et5gsdb', '--error-file', '/tmp/tmppo9w8i9k']
[2022-01-27 08:08:37,379] {standard_task_runner.py:77} INFO - Job 8: Subtask format_to_parquet_task
[2022-01-27 08:08:38,028] {logging_mixin.py:109} INFO - Running <TaskInstance: data_ingestion_gcs_dag.format_to_parquet_task manual__2022-01-27T08:00:48.869404+00:00 [running]> on host 277ddc2aaaed
[2022-01-27 08:08:38,347] {taskinstance.py:1426} INFO - Exporting the following env vars:
AIRFLOW_CTX_DAG_OWNER=***
AIRFLOW_CTX_DAG_ID=data_ingestion_gcs_dag
AIRFLOW_CTX_TASK_ID=format_to_parquet_task
AIRFLOW_CTX_EXECUTION_DATE=2022-01-27T08:00:48.869404+00:00
AIRFLOW_CTX_DAG_RUN_ID=manual__2022-01-27T08:00:48.869404+00:00
[2022-01-27 08:08:47,729] {python.py:175} INFO - Done. Returned value was: None
[2022-01-27 08:08:47,897] {taskinstance.py:1277} INFO - Marking task as SUCCESS. dag_id=data_ingestion_gcs_dag, task_id=format_to_parquet_task, execution_date=20220127T080048, start_date=20220127T080837, end_date=20220127T080847
[2022-01-27 08:08:49,259] {local_task_job.py:154} INFO - Task exited with return code 0
[2022-01-27 08:08:49,805] {local_task_job.py:264} INFO - 0 downstream tasks scheduled from follow-on schedule check
