[2022-01-27 08:08:03,030] {taskinstance.py:1032} INFO - Dependencies all met for <TaskInstance: data_ingestion_gcs_dag.download_dataset_task manual__2022-01-27T08:00:48.869404+00:00 [queued]>
[2022-01-27 08:08:03,109] {taskinstance.py:1032} INFO - Dependencies all met for <TaskInstance: data_ingestion_gcs_dag.download_dataset_task manual__2022-01-27T08:00:48.869404+00:00 [queued]>
[2022-01-27 08:08:03,122] {taskinstance.py:1238} INFO - 
--------------------------------------------------------------------------------
[2022-01-27 08:08:03,125] {taskinstance.py:1239} INFO - Starting attempt 1 of 2
[2022-01-27 08:08:03,128] {taskinstance.py:1240} INFO - 
--------------------------------------------------------------------------------
[2022-01-27 08:08:03,258] {taskinstance.py:1259} INFO - Executing <Task(BashOperator): download_dataset_task> on 2022-01-27 08:00:48.869404+00:00
[2022-01-27 08:08:03,302] {standard_task_runner.py:52} INFO - Started process 4052 to run task
[2022-01-27 08:08:03,333] {standard_task_runner.py:76} INFO - Running: ['***', 'tasks', 'run', 'data_ingestion_gcs_dag', 'download_dataset_task', 'manual__2022-01-27T08:00:48.869404+00:00', '--job-id', '7', '--raw', '--subdir', 'DAGS_FOLDER/data_ingestion_gcs_dag.py', '--cfg-path', '/tmp/tmpm85__3vg', '--error-file', '/tmp/tmpee_blugy']
[2022-01-27 08:08:03,350] {standard_task_runner.py:77} INFO - Job 7: Subtask download_dataset_task
[2022-01-27 08:08:03,673] {logging_mixin.py:109} INFO - Running <TaskInstance: data_ingestion_gcs_dag.download_dataset_task manual__2022-01-27T08:00:48.869404+00:00 [running]> on host 277ddc2aaaed
[2022-01-27 08:08:04,038] {taskinstance.py:1426} INFO - Exporting the following env vars:
AIRFLOW_CTX_DAG_OWNER=***
AIRFLOW_CTX_DAG_ID=data_ingestion_gcs_dag
AIRFLOW_CTX_TASK_ID=download_dataset_task
AIRFLOW_CTX_EXECUTION_DATE=2022-01-27T08:00:48.869404+00:00
AIRFLOW_CTX_DAG_RUN_ID=manual__2022-01-27T08:00:48.869404+00:00
[2022-01-27 08:08:04,066] {subprocess.py:62} INFO - Tmp dir root location: 
 /tmp
[2022-01-27 08:08:04,085] {subprocess.py:74} INFO - Running command: ['bash', '-c', 'curl -sS https://s3.amazonaws.com/nyc-tlc/trip+data/yellow_tripdata_2021-01.csv > /opt/***/yellow_tripdata_2021-01.csv']
[2022-01-27 08:08:04,149] {subprocess.py:85} INFO - Output:
[2022-01-27 08:08:29,119] {subprocess.py:93} INFO - Command exited with return code 0
[2022-01-27 08:08:29,319] {taskinstance.py:1277} INFO - Marking task as SUCCESS. dag_id=data_ingestion_gcs_dag, task_id=download_dataset_task, execution_date=20220127T080048, start_date=20220127T080803, end_date=20220127T080829
[2022-01-27 08:08:29,510] {local_task_job.py:154} INFO - Task exited with return code 0
[2022-01-27 08:08:29,932] {local_task_job.py:264} INFO - 1 downstream tasks scheduled from follow-on schedule check
