[2022-01-27 08:02:09,069] {taskinstance.py:1032} INFO - Dependencies all met for <TaskInstance: data_ingestion_gcs_dag.format_to_parquet_task scheduled__2022-01-26T00:00:00+00:00 [queued]>
[2022-01-27 08:02:09,336] {taskinstance.py:1032} INFO - Dependencies all met for <TaskInstance: data_ingestion_gcs_dag.format_to_parquet_task scheduled__2022-01-26T00:00:00+00:00 [queued]>
[2022-01-27 08:02:09,357] {taskinstance.py:1238} INFO - 
--------------------------------------------------------------------------------
[2022-01-27 08:02:09,384] {taskinstance.py:1239} INFO - Starting attempt 1 of 2
[2022-01-27 08:02:09,401] {taskinstance.py:1240} INFO - 
--------------------------------------------------------------------------------
[2022-01-27 08:02:09,661] {taskinstance.py:1259} INFO - Executing <Task(PythonOperator): format_to_parquet_task> on 2022-01-26 00:00:00+00:00
[2022-01-27 08:02:09,771] {standard_task_runner.py:52} INFO - Started process 3723 to run task
[2022-01-27 08:02:09,843] {standard_task_runner.py:76} INFO - Running: ['***', 'tasks', 'run', 'data_ingestion_gcs_dag', 'format_to_parquet_task', 'scheduled__2022-01-26T00:00:00+00:00', '--job-id', '4', '--raw', '--subdir', 'DAGS_FOLDER/data_ingestion_gcs_dag.py', '--cfg-path', '/tmp/tmpxamfc9yb', '--error-file', '/tmp/tmpto5tl3sa']
[2022-01-27 08:02:09,850] {standard_task_runner.py:77} INFO - Job 4: Subtask format_to_parquet_task
[2022-01-27 08:02:10,491] {logging_mixin.py:109} INFO - Running <TaskInstance: data_ingestion_gcs_dag.format_to_parquet_task scheduled__2022-01-26T00:00:00+00:00 [running]> on host 277ddc2aaaed
[2022-01-27 08:02:10,878] {taskinstance.py:1426} INFO - Exporting the following env vars:
AIRFLOW_CTX_DAG_OWNER=***
AIRFLOW_CTX_DAG_ID=data_ingestion_gcs_dag
AIRFLOW_CTX_TASK_ID=format_to_parquet_task
AIRFLOW_CTX_EXECUTION_DATE=2022-01-26T00:00:00+00:00
AIRFLOW_CTX_DAG_RUN_ID=scheduled__2022-01-26T00:00:00+00:00
[2022-01-27 08:02:21,462] {python.py:175} INFO - Done. Returned value was: None
[2022-01-27 08:02:21,573] {taskinstance.py:1277} INFO - Marking task as SUCCESS. dag_id=data_ingestion_gcs_dag, task_id=format_to_parquet_task, execution_date=20220126T000000, start_date=20220127T080209, end_date=20220127T080221
[2022-01-27 08:02:22,111] {local_task_job.py:154} INFO - Task exited with return code 0
[2022-01-27 08:02:22,596] {local_task_job.py:264} INFO - 1 downstream tasks scheduled from follow-on schedule check
